2015-01-02 17:34:25.051 [error] <0.271.0> CRASH REPORT Process <0.271.0> with 0 neighbours exited with reason: eaddrinuse in gen_server:init_it/6 line 322
2015-01-02 17:34:25.235 [error] <0.270.0> Supervisor sctp_server_sup had child sctp_server_sup started with sctp_listener:start_link(3333, sctp_echo_fsm) at undefined exit with reason eaddrinuse in context start_error
2015-01-02 17:37:55.620 [error] <0.226.0> gen_fsm <0.226.0> in state 'WAIT_FOR_DATA' terminated with reason: bad return value: {noreply,'WAIT_FOR_DATA',{state,#Port<0.51056>,416,{0,0,0,0}}}
2015-01-02 17:38:10.013 [error] <0.203.0> gen_fsm <0.203.0> in state 'WAIT_FOR_DATA' terminated with reason: bad return value: {noreply,'WAIT_FOR_DATA',{state,#Port<0.50170>,418,{0,0,0,0}}}
2015-01-02 17:39:08.075 [error] <0.203.0> gen_fsm <0.203.0> in state 'WAIT_FOR_DATA' terminated with reason: bad return value: {noreply,'WAIT_FOR_DATA',{state,#Port<0.50169>,422,{0,0,0,0}}}
2015-01-02 17:44:32.140 [error] <0.203.0> gen_fsm <0.203.0> in state 'WAIT_FOR_DATA' terminated with reason: bad return value: {noreply,'WAIT_FOR_DATA',{state,#Port<0.50168>,430,{0,0,0,0}}}
2015-01-02 17:55:02.089 [error] <0.233.0> gen_fsm <0.233.0> in state 'WAIT_FOR_DATA' terminated with reason: bad return value: {noreply,'WAIT_FOR_DATA',{state,#Port<0.51063>,432,{0,0,0,0}}}
2015-01-02 17:58:50.124 [error] <0.256.0> gen_fsm <0.256.0> in state 'WAIT_FOR_DATA' terminated with reason: bad return value: {noreply,'WAIT_FOR_DATA',{state,#Port<0.51085>,434,{0,0,0,0}}}
2015-01-02 18:04:19.066 [error] <0.232.0> CRASH REPORT Process <0.232.0> with 0 neighbours exited with reason: bad argument in call to gen_sctp:eof(#Port<0.51064>, 439) line 299 in sctp_client_fsm:terminate/3 line 162 in gen_fsm:terminate/7 line 599
2015-01-02 18:04:26.692 [error] <0.202.0> CRASH REPORT Process <0.202.0> with 0 neighbours exited with reason: bad argument in call to gen_sctp:eof(#Port<0.50169>, 441) line 299 in sctp_client_fsm:terminate/3 line 162 in gen_fsm:terminate/7 line 599
2015-01-02 18:04:35.086 [error] <0.202.0> CRASH REPORT Process <0.202.0> with 0 neighbours exited with reason: bad argument in call to gen_sctp:eof(#Port<0.50171>, 443) line 299 in sctp_client_fsm:terminate/3 line 162 in gen_fsm:terminate/7 line 599
2015-01-02 18:36:22.308 [error] <0.224.0> gen_server <0.224.0> terminated with reason: bad argument in call to gen_sctp:eof(#Port<0.51055>, undefined) line 299 in sctp_connector:handle_info/2 line 161
2015-01-02 18:36:31.850 [error] <0.201.0> gen_server <0.201.0> terminated with reason: bad argument in call to gen_sctp:eof(#Port<0.50167>, undefined) line 299 in sctp_connector:handle_info/2 line 161
2015-01-02 18:36:37.930 [error] <0.201.0> CRASH REPORT Process <0.201.0> with 0 neighbours exited with reason: bad argument in call to gen_sctp:eof(#Port<0.50167>, undefined) line 299 in sctp_connector:handle_info/2 line 161 in gen_server:terminate/7 line 804
2015-01-02 18:36:50.924 [error] <0.201.0> CRASH REPORT Process <0.201.0> with 0 neighbours exited with reason: bad argument in call to gen_sctp:eof(#Port<0.50167>, undefined) line 299 in sctp_connector:handle_info/2 line 161 in gen_server:terminate/7 line 804
2015-01-02 18:36:59.452 [error] <0.201.0> CRASH REPORT Process <0.201.0> with 0 neighbours exited with reason: bad argument in call to gen_sctp:eof(#Port<0.50167>, undefined) line 299 in sctp_connector:handle_info/2 line 161 in gen_server:terminate/7 line 804
2015-01-02 18:37:05.029 [error] <0.201.0> CRASH REPORT Process <0.201.0> with 0 neighbours exited with reason: bad argument in call to gen_sctp:eof(#Port<0.50167>, undefined) line 299 in sctp_connector:handle_info/2 line 161 in gen_server:terminate/7 line 804
2015-01-02 18:37:10.567 [error] <0.201.0> gen_server <0.201.0> terminated with reason: bad argument in call to gen_sctp:eof(#Port<0.50167>, undefined) line 299 in sctp_connector:handle_info/2 line 161
2015-01-02 18:37:16.107 [error] <0.201.0> gen_server <0.201.0> terminated with reason: bad argument in call to gen_sctp:eof(#Port<0.50167>, undefined) line 299 in sctp_connector:handle_info/2 line 161
2015-01-02 18:39:06.012 [error] <0.224.0> gen_server <0.224.0> terminated with reason: bad argument in call to gen_sctp:eof(#Port<0.51055>, 489) line 299 in sctp_connector:handle_info/2 line 161
2015-01-02 18:39:11.176 [error] <0.201.0> CRASH REPORT Process <0.201.0> with 0 neighbours exited with reason: bad argument in call to gen_sctp:eof(#Port<0.50167>, 491) line 299 in sctp_connector:handle_info/2 line 161 in gen_server:terminate/7 line 804
2015-01-02 18:39:16.362 [error] <0.201.0> gen_server <0.201.0> terminated with reason: bad argument in call to gen_sctp:eof(#Port<0.50167>, 493) line 299 in sctp_connector:handle_info/2 line 161
2015-01-02 18:57:12.763 [error] <0.255.0> CRASH REPORT Process <0.255.0> with 0 neighbours exited with reason: bad argument in call to gen_sctp:eof(#Port<0.51084>, 495) line 299 in sctp_client_fsm:terminate/3 line 162 in gen_fsm:terminate/7 line 599
2015-01-02 18:57:18.798 [error] <0.202.0> CRASH REPORT Process <0.202.0> with 0 neighbours exited with reason: bad argument in call to gen_sctp:eof(#Port<0.50167>, 497) line 299 in sctp_client_fsm:terminate/3 line 162 in gen_fsm:terminate/7 line 599
2015-01-02 18:57:24.408 [error] <0.202.0> CRASH REPORT Process <0.202.0> with 0 neighbours exited with reason: bad argument in call to gen_sctp:eof(#Port<0.50167>, 499) line 299 in sctp_client_fsm:terminate/3 line 162 in gen_fsm:terminate/7 line 599
2015-01-02 18:57:30.820 [error] <0.202.0> CRASH REPORT Process <0.202.0> with 0 neighbours exited with reason: bad argument in call to gen_sctp:eof(#Port<0.50167>, 501) line 299 in sctp_client_fsm:terminate/3 line 162 in gen_fsm:terminate/7 line 599
2015-01-02 18:57:37.730 [error] <0.202.0> CRASH REPORT Process <0.202.0> with 0 neighbours exited with reason: bad argument in call to gen_sctp:eof(#Port<0.50167>, 503) line 299 in sctp_client_fsm:terminate/3 line 162 in gen_fsm:terminate/7 line 599
2015-01-02 18:57:43.190 [error] <0.202.0> CRASH REPORT Process <0.202.0> with 0 neighbours exited with reason: bad argument in call to gen_sctp:eof(#Port<0.50167>, 505) line 299 in sctp_client_fsm:terminate/3 line 162 in gen_fsm:terminate/7 line 599
2015-01-02 18:58:24.877 [error] <0.202.0> CRASH REPORT Process <0.202.0> with 0 neighbours exited with reason: bad argument in call to gen_sctp:eof(#Port<0.50167>, 507) line 299 in sctp_client_fsm:terminate/3 line 162 in gen_fsm:terminate/7 line 599
2015-01-02 18:58:40.345 [error] <0.202.0> CRASH REPORT Process <0.202.0> with 0 neighbours exited with reason: bad argument in call to gen_sctp:eof(#Port<0.50167>, 509) line 299 in sctp_client_fsm:terminate/3 line 162 in gen_fsm:terminate/7 line 599
2015-01-02 18:59:05.103 [error] <0.231.0> gen_server <0.231.0> terminated with reason: bad argument in call to gen_sctp:eof(#Port<0.51062>, 511) line 299 in sctp_connector:terminate/2 line 178
2015-01-02 18:59:47.969 [error] <0.201.0> gen_server <0.201.0> terminated with reason: bad argument in call to gen_sctp:eof(#Port<0.50167>, 513) line 299 in sctp_connector:terminate/2 line 178
2015-01-02 18:59:54.801 [error] <0.201.0> gen_server <0.201.0> terminated with reason: bad argument in call to gen_sctp:eof(#Port<0.50167>, 515) line 299 in sctp_connector:terminate/2 line 178
2015-01-02 19:00:06.189 [error] <0.201.0> gen_server <0.201.0> terminated with reason: bad argument in call to gen_sctp:eof(#Port<0.50167>, 517) line 299 in sctp_connector:terminate/2 line 178
2015-01-02 19:01:20.522 [error] <0.224.0> gen_server <0.224.0> terminated with reason: bad argument in call to gen_sctp:eof(#Port<0.51055>, 519) line 299 in sctp_connector:handle_info/2 line 159
2015-01-02 19:01:26.334 [error] <0.201.0> CRASH REPORT Process <0.201.0> with 0 neighbours exited with reason: bad argument in call to gen_sctp:eof(#Port<0.50167>, 521) line 299 in sctp_connector:handle_info/2 line 159 in gen_server:terminate/7 line 804
2015-01-02 19:01:31.838 [error] <0.201.0> gen_server <0.201.0> terminated with reason: bad argument in call to gen_sctp:eof(#Port<0.50167>, 523) line 299 in sctp_connector:handle_info/2 line 159
2015-01-02 19:04:39.840 [error] <0.254.0> CRASH REPORT Process <0.254.0> with 0 neighbours exited with reason: no match of right hand value {error,einval} in inet:udp_controlling_process/2 line 1585 in gen_server:terminate/7 line 804
2015-01-02 19:04:47.500 [error] <0.201.0> CRASH REPORT Process <0.201.0> with 0 neighbours exited with reason: no match of right hand value {error,einval} in inet:udp_controlling_process/2 line 1585 in gen_server:terminate/7 line 804
2015-01-02 19:04:53.194 [error] <0.201.0> gen_server <0.201.0> terminated with reason: no match of right hand value {error,einval} in inet:udp_controlling_process/2 line 1585
2015-01-02 19:23:02.495 [error] <0.228.0> CRASH REPORT Process <0.228.0> with 0 neighbours exited with reason: no match of right hand value {error,einval} in inet:udp_controlling_process/2 line 1585 in gen_server:terminate/7 line 804
2015-01-03 18:10:16.375 [error] <0.227.0> CRASH REPORT Process <0.227.0> with 0 neighbours exited with reason: no match of right hand value {error,epipe} in sctp_client_fsm:'WAIT_FOR_DATA'/2 line 101 in gen_fsm:terminate/7 line 611
2015-01-03 18:12:03.205 [error] <0.227.0> CRASH REPORT Process <0.227.0> with 0 neighbours exited with reason: no match of right hand value {error,epipe} in sctp_client_fsm:'WAIT_FOR_DATA'/2 line 101 in gen_fsm:terminate/7 line 611
2015-01-03 18:16:28.459 [error] <0.225.0> CRASH REPORT Process <0.225.0> with 0 neighbours exited with reason: no match of right hand value {error,epipe} in sctp_client_fsm:'WAIT_FOR_DATA'/2 line 101 in gen_fsm:terminate/7 line 611
2015-01-05 17:45:04.449 [error] <0.243.0> gen_fsm <0.243.0> in state 'WAIT_FOR_DATA' terminated with reason: no match of right hand value {error,epipe} in sctp_echo_fsm:'WAIT_FOR_DATA'/2 line 97
2015-01-05 18:01:13.925 [error] <0.244.0> gen_fsm <0.244.0> in state 'WAIT_FOR_DATA' terminated with reason: no match of right hand value {error,epipe} in sctp_echo_fsm:'WAIT_FOR_DATA'/2 line 97
2015-01-05 18:01:32.585 [error] <0.244.0> gen_fsm <0.244.0> in state 'WAIT_FOR_DATA' terminated with reason: no match of right hand value {error,epipe} in sctp_echo_fsm:'WAIT_FOR_DATA'/2 line 97
2015-01-05 18:19:35.969 [error] <0.243.0> gen_fsm <0.243.0> in state 'WAIT_FOR_DATA' terminated with reason: no match of right hand value {error,epipe} in sctp_echo_fsm:'WAIT_FOR_DATA'/2 line 97
2015-01-05 18:21:47.875 [error] <0.244.0> gen_fsm <0.244.0> in state 'WAIT_FOR_DATA' terminated with reason: no match of right hand value {error,epipe} in sctp_echo_fsm:'WAIT_FOR_DATA'/2 line 97
2015-01-05 18:24:15.730 [error] <0.244.0> gen_fsm <0.244.0> in state 'WAIT_FOR_DATA' terminated with reason: no match of right hand value {error,epipe} in sctp_echo_fsm:'WAIT_FOR_DATA'/2 line 97
2015-01-05 18:28:11.671 [error] <0.244.0> gen_fsm <0.244.0> in state 'WAIT_FOR_DATA' terminated with reason: no match of right hand value {error,epipe} in sctp_echo_fsm:'WAIT_FOR_DATA'/2 line 97
2015-01-05 18:33:29.848 [error] <0.212.0> gen_fsm <0.212.0> in state 'WAIT_FOR_DATA' terminated with reason: no match of right hand value {error,epipe} in sctp_echo_fsm:'WAIT_FOR_DATA'/2 line 97
2015-01-05 20:36:04.047 [error] <0.231.0> CRASH REPORT Process <0.231.0> with 0 neighbours exited with reason: eaddrinuse in gen_server:init_it/6 line 322
2015-01-05 20:52:41.107 [error] <0.244.0> gen_fsm <0.244.0> in state 'WAIT_FOR_DATA' terminated with reason: no match of right hand value {error,epipe} in sctp_echo_fsm:'WAIT_FOR_DATA'/2 line 97
2015-01-05 21:28:56.485 [error] <0.244.0> gen_fsm <0.244.0> in state 'WAIT_FOR_DATA' terminated with reason: no match of right hand value {error,epipe} in sctp_echo_fsm:'WAIT_FOR_DATA'/2 line 97
2015-01-05 21:29:29.384 [error] <0.245.0> gen_fsm <0.245.0> in state 'WAIT_FOR_DATA' terminated with reason: no match of right hand value {error,epipe} in sctp_echo_fsm:'WAIT_FOR_DATA'/2 line 97
2015-01-09 20:35:29.829 [error] <0.216.0> gen_server sctp_listener terminated with reason: no match of right hand value {error,einval} in sctp_listener:handle_info/2 line 115
2015-01-09 20:42:24.332 [error] <0.216.0> gen_server sctp_listener terminated with reason: no match of right hand value {error,einval} in sctp_listener:handle_info/2 line 115
2015-01-09 20:43:39.985 [error] <0.229.0> gen_fsm <0.229.0> in state 'WAIT_FOR_DATA' terminated with reason: bad return value: {noreply,'WAIT_FOR_DATA',{state,#Port<0.38886>,1039,{}}}
2015-01-09 20:47:50.030 [error] <0.229.0> CRASH REPORT Process <0.229.0> with 0 neighbours exited with reason: bad return value: {noreply,'WAIT_FOR_DATA',{state,#Port<0.38886>,1069,{}}} in gen_fsm:terminate/7 line 611
